<?xml version="1.0" encoding="UTF-8"?>
<!-- Generated by org.testng.reporters.JUnitXMLReporter -->
<testsuite hostname="shushudelichendebijibendiannao.local" ignored="0" name="Store Status Update Tests" tests="3" failures="0" timestamp="2025-03-04T13:41:01 CST" time="21.296" errors="0">
  <testcase name="testStoreStatusUpdate_InvalidField" time="10.994" classname="com.saas.qa.api.testcase.open.store.StoreStatusUpdateTest"/>
  <testcase name="testStoreStatusUpdate_MissingRequired" time="5.136" classname="com.saas.qa.api.testcase.open.store.StoreStatusUpdateTest"/>
  <testcase name="testStoreStatusUpdate_Success" time="5.116" classname="com.saas.qa.api.testcase.open.store.StoreStatusUpdateTest"/>
</testsuite> <!-- Store Status Update Tests -->
